<?xml version="1.0" encoding="UTF-8"?>
<!-- Generated by org.testng.reporters.JUnitReportReporter -->
<testsuite hostname="LAPTOP-6B769NSB" failures="0" tests="12" name="com.framework.testng.concepts.AppCommons" time="0.234" errors="0" timestamp="2025-02-15T23:13:35 IST" skipped="3">
  <testcase classname="com.framework.testng.concepts.AppCommons" name="TestCase3" time="0.044"/>
  <system-out/>
  <testcase classname="com.framework.testng.concepts.AppCommons" name="TestCase3" time="0.024"/>
  <system-out/>
  <testcase classname="com.framework.testng.concepts.AppCommons" name="TestCase3" time="0.038"/>
  <system-out/>
  <testcase classname="com.framework.testng.concepts.AppCommons" name="TestCase3" time="0.017"/>
  <system-out/>
  <testcase classname="com.framework.testng.concepts.AppCommons" name="TestCase3" time="0.023"/>
  <system-out/>
  <testcase classname="com.framework.testng.concepts.AppCommons" name="TestCase3" time="0.026"/>
  <system-out/>
  <testcase classname="com.framework.testng.concepts.AppCommons" name="TestCase1" time="0.018"/>
  <system-out/>
  <testcase classname="com.framework.testng.concepts.AppCommons" name="TestCase1" time="0.024"/>
  <system-out/>
  <testcase classname="com.framework.testng.concepts.AppCommons" name="TestCase1" time="0.020"/>
  <system-out/>
  <testcase classname="com.framework.testng.concepts.AppCommons" name="TestCase2">
    <skipped/>
  </testcase> <!-- TestCase2 -->
  <system-out/>
  <testcase classname="com.framework.testng.concepts.AppCommons" name="TestCase2">
    <skipped/>
  </testcase> <!-- TestCase2 -->
  <system-out/>
  <testcase classname="com.framework.testng.concepts.AppCommons" name="TestCase2">
    <skipped/>
  </testcase> <!-- TestCase2 -->
  <system-out/>
</testsuite> <!-- com.framework.testng.concepts.AppCommons -->
